<?xml version="1.0" encoding="UTF-8" ?>
<testsuite tests="13" failures="0" name="lexer.TokenizerTest" time="0.016" errors="0" skipped="0">
  <properties>
[...]
</properties>
  <testcase classname="lexer.TokenizerTest" name="testTrueAndFalseEmptyBetween" time="0.015"/>
  <testcase classname="lexer.TokenizerTest" name="testTrueAndFalseEmptyBefore" time="0"/>
  <testcase classname="lexer.TokenizerTest" name="testTrueLeftParenthesesAndRightParentheses" time="0.001"/>
  <testcase classname="lexer.TokenizerTest" name="testTrueEmptyAfter" time="0"/>
  <testcase classname="lexer.TokenizerTest" name="testTrueEmptyBeforeAndAfter" time="0"/>
  <testcase classname="lexer.TokenizerTest" name="testTrueRightParentheses" time="0"/>
  <testcase classname="lexer.TokenizerTest" name="testTrueEmptyBefore" time="0"/>
  <testcase classname="lexer.TokenizerTest" name="testTrueAndFalseEmptyBeforeAndAfter" time="0"/>
  <testcase classname="lexer.TokenizerTest" name="testTrueAndFalse" time="0"/>
  <testcase classname="lexer.TokenizerTest" name="testTrueLeftParentheses" time="0"/>
  <testcase classname="lexer.TokenizerTest" name="testTrueItSelf" time="0"/>
  <testcase classname="lexer.TokenizerTest" name="testTrueAndFalseEmptyAfter" time="0"/>
  <testcase classname="lexer.TokenizerTest" name="testTrueToken" time="0"/>
</testsuite>